<?xml version="1.0" encoding="UTF-8"?>
<testng-results ignored="0" total="1" passed="1" failed="0" skipped="0">
  <reporter-output>
  </reporter-output>
  <suite started-at="2024-06-16T11:03:25 IST" name="Default suite" finished-at="2024-06-16T11:03:52 IST" duration-ms="27810">
    <groups>
    </groups>
    <test started-at="2024-06-16T11:03:25 IST" name="Default test" finished-at="2024-06-16T11:03:52 IST" duration-ms="27810">
      <class name="TestCases.Test_Login_page">
        <test-method is-config="true" signature="setup()[pri:0, instance:TestCases.Test_Login_page@19e4653c]" started-at="2024-06-16T11:03:25 IST" name="setup" finished-at="2024-06-16T11:03:49 IST" duration-ms="24464" status="PASS">
          <reporter-output>
          </reporter-output>
        </test-method> <!-- setup -->
        <test-method signature="LoginTest()[pri:1, instance:TestCases.Test_Login_page@19e4653c]" started-at="2024-06-16T11:03:49 IST" name="LoginTest" finished-at="2024-06-16T11:03:51 IST" duration-ms="2183" status="PASS">
          <reporter-output>
          </reporter-output>
        </test-method> <!-- LoginTest -->
        <test-method is-config="true" signature="tearDown()[pri:0, instance:TestCases.Test_Login_page@19e4653c]" started-at="2024-06-16T11:03:51 IST" name="tearDown" finished-at="2024-06-16T11:03:52 IST" duration-ms="1038" status="PASS">
          <reporter-output>
          </reporter-output>
        </test-method> <!-- tearDown -->
      </class> <!-- TestCases.Test_Login_page -->
    </test> <!-- Default test -->
  </suite> <!-- Default suite -->
</testng-results>
